<?xml version="1.0" encoding="UTF-8"?>
<!-- Generated by org.testng.reporters.JUnitReportReporter -->
<testsuite skipped="0" hostname="Hemwati" name="testCases.TC003_AddDepositTest" tests="1" failures="0" timestamp="2022-11-28T10:04:15 EST" time="77.577" errors="0">
  <testcase name="userShouldBeAbleToAddDeposit" time="77.577" classname="testCases.TC003_AddDepositTest"/>
  <system-out/>
</testsuite> <!-- testCases.TC003_AddDepositTest -->
