<?xml version="1.0" encoding="UTF-8"?>
<!-- Generated by org.testng.reporters.JUnitReportReporter -->
<testsuite skipped="0" hostname="Hemwati" name="testCases.TC004_AddCustomerTest" tests="1" failures="0" timestamp="2022-11-28T10:06:00 EST" time="99.438" errors="0">
  <testcase name="userShouldBeAbleToAddCustomer" time="99.438" classname="testCases.TC004_AddCustomerTest"/>
  <system-out/>
</testsuite> <!-- testCases.TC004_AddCustomerTest -->
