<?xml version="1.0" encoding="UTF-8"?>
<!-- Generated by org.testng.reporters.JUnitReportReporter -->
<testsuite skipped="0" hostname="Hemwati" name="testCases.TC002_AddAccountTest" tests="2" failures="0" timestamp="2022-11-28T10:02:13 EST" time="126.022" errors="0">
  <testcase name="userShouldBeAbleToAddAccount" time="64.055" classname="testCases.TC002_AddAccountTest"/>
  <system-out/>
  <testcase name="userShouldBeAbleToAddAccount_tc02" time="61.967" classname="testCases.TC002_AddAccountTest"/>
  <system-out/>
</testsuite> <!-- testCases.TC002_AddAccountTest -->
