<?xml version="1.0" encoding="UTF-8"?>
<!-- Generated by org.testng.reporters.JUnitReportReporter -->
<testsuite skipped="0" hostname="Hemwati" name="testCases.TC001_LoginTest" tests="1" failures="0" timestamp="2022-11-28T09:59:01 EST" time="58.350" errors="0">
  <testcase name="userShouldBeAbleToLogin" time="58.350" classname="testCases.TC001_LoginTest"/>
  <system-out/>
</testsuite> <!-- testCases.TC001_LoginTest -->
